# JRE version: Java(TM) SE Runtime Environment (17.0.10+11) (build 17.0.10+11-LTS-240)
# Java VM: Java HotSpot(TM) 64-Bit Server VM (17.0.10+11-LTS-240, mixed mode, emulated-client, sharing, tiered, compressed oops, compressed class ptrs, g1 gc, windows-amd64)
GC Precious Log:
 CPUs: 4 total, 4 available
 Memory: 8071M
 Large Page Support: Disabled
 NUMA Support: Disabled
 Compressed Oops: Enabled (32-bit)
 Heap Region Size: 1M
 Heap Min Capacity: 8M
 Heap Initial Capacity: 128M
 Heap Max Capacity: 2018M
 Pre-touch: Disabled
 Parallel Workers: 4
 Concurrent Workers: 1
 Concurrent Refinement Workers: 4
 Periodic GC: Disabled
Heap:
 garbage-first heap   total 160768K, used 120606K [0x0000000081e00000, 0x0000000100000000)
  region size 1024K, 38 young (38912K), 3 survivors (3072K)
 Metaspace       used 70822K, committed 71424K, reserved 1114112K
  class space    used 10334K, committed 10624K, reserved 1048576K
GC Heap History (20 events):
Event: 1103.883 GC heap after
{Heap after GC invocations=25 (full 1):
 garbage-first heap   total 150528K, used 62117K [0x0000000081e00000, 0x0000000100000000)
  region size 1024K, 0 young (0K), 0 survivors (0K)
 Metaspace       used 69063K, committed 69696K, reserved 1114112K
  class space    used 10142K, committed 10432K, reserved 1048576K
}
Event: 1106.321 GC heap before
{Heap before GC invocations=25 (full 1):
 garbage-first heap   total 150528K, used 122533K [0x0000000081e00000, 0x0000000100000000)
  region size 1024K, 60 young (61440K), 0 survivors (0K)
 Metaspace       used 69149K, committed 69760K, reserved 1114112K
  class space    used 10153K, committed 10432K, reserved 1048576K
}
Event: 1106.328 GC heap after
{Heap after GC invocations=26 (full 1):
 garbage-first heap   total 150528K, used 66731K [0x0000000081e00000, 0x0000000100000000)
  region size 1024K, 5 young (5120K), 5 survivors (5120K)
 Metaspace       used 69149K, committed 69760K, reserved 1114112K
  class space    used 10153K, committed 10432K, reserved 1048576K
}
Event: 1108.514 GC heap before
{Heap before GC invocations=26 (full 1):
 garbage-first heap   total 150528K, used 124075K [0x0000000081e00000, 0x0000000100000000)
  region size 1024K, 60 young (61440K), 5 survivors (5120K)
 Metaspace       used 69368K, committed 69952K, reserved 1114112K
  class space    used 10176K, committed 10432K, reserved 1048576K
}
Event: 1108.526 GC heap after
{Heap after GC invocations=27 (full 1):
 garbage-first heap   total 150528K, used 69896K [0x0000000081e00000, 0x0000000100000000)
  region size 1024K, 4 young (4096K), 4 survivors (4096K)
 Metaspace       used 69368K, committed 69952K, reserved 1114112K
  class space    used 10176K, committed 10432K, reserved 1048576K
}
Event: 1116.693 GC heap before
{Heap before GC invocations=27 (full 1):
 garbage-first heap   total 150528K, used 122120K [0x0000000081e00000, 0x0000000100000000)
  region size 1024K, 55 young (56320K), 4 survivors (4096K)
 Metaspace       used 70028K, committed 70656K, reserved 1114112K
  class space    used 10254K, committed 10560K, reserved 1048576K
}
Event: 1116.708 GC heap after
{Heap after GC invocations=28 (full 1):
 garbage-first heap   total 150528K, used 72229K [0x0000000081e00000, 0x0000000100000000)
  region size 1024K, 6 young (6144K), 6 survivors (6144K)
 Metaspace       used 70028K, committed 70656K, reserved 1114112K
  class space    used 10254K, committed 10560K, reserved 1048576K
}
Event: 1119.506 GC heap before
{Heap before GC invocations=29 (full 1):
 garbage-first heap   total 150528K, used 120357K [0x0000000081e00000, 0x0000000100000000)
  region size 1024K, 54 young (55296K), 6 survivors (6144K)
 Metaspace       used 70056K, committed 70720K, reserved 1114112K
  class space    used 10254K, committed 10560K, reserved 1048576K
}
Event: 1119.518 GC heap after
{Heap after GC invocations=30 (full 1):
 garbage-first heap   total 150528K, used 74714K [0x0000000081e00000, 0x0000000100000000)
  region size 1024K, 6 young (6144K), 6 survivors (6144K)
 Metaspace       used 70056K, committed 70720K, reserved 1114112K
  class space    used 10254K, committed 10560K, reserved 1048576K
}
Event: 1120.797 GC heap before
{Heap before GC invocations=30 (full 1):
 garbage-first heap   total 150528K, used 122842K [0x0000000081e00000, 0x0000000100000000)
  region size 1024K, 53 young (54272K), 6 survivors (6144K)
 Metaspace       used 70269K, committed 70848K, reserved 1114112K
  class space    used 10275K, committed 10560K, reserved 1048576K
}
Event: 1120.823 GC heap after
{Heap after GC invocations=31 (full 1):
 garbage-first heap   total 150528K, used 76627K [0x0000000081e00000, 0x0000000100000000)
  region size 1024K, 6 young (6144K), 6 survivors (6144K)
 Metaspace       used 70269K, committed 70848K, reserved 1114112K
  class space    used 10275K, committed 10560K, reserved 1048576K
}
Event: 1121.451 GC heap before
{Heap before GC invocations=32 (full 1):
 garbage-first heap   total 150528K, used 83795K [0x0000000081e00000, 0x0000000100000000)
  region size 1024K, 14 young (14336K), 6 survivors (6144K)
 Metaspace       used 70284K, committed 70912K, reserved 1114112K
  class space    used 10278K, committed 10560K, reserved 1048576K
}
Event: 1121.462 GC heap after
{Heap after GC invocations=33 (full 1):
 garbage-first heap   total 150528K, used 77929K [0x0000000081e00000, 0x0000000100000000)
  region size 1024K, 4 young (4096K), 4 survivors (4096K)
 Metaspace       used 70284K, committed 70912K, reserved 1114112K
  class space    used 10278K, committed 10560K, reserved 1048576K
}
Event: 1122.572 GC heap before
{Heap before GC invocations=34 (full 1):
 garbage-first heap   total 150528K, used 125033K [0x0000000081e00000, 0x0000000100000000)
  region size 1024K, 49 young (50176K), 4 survivors (4096K)
 Metaspace       used 70587K, committed 71168K, reserved 1114112K
  class space    used 10301K, committed 10560K, reserved 1048576K
}
Event: 1122.583 GC heap after
{Heap after GC invocations=35 (full 1):
 garbage-first heap   total 150528K, used 79958K [0x0000000081e00000, 0x0000000100000000)
  region size 1024K, 6 young (6144K), 6 survivors (6144K)
 Metaspace       used 70587K, committed 71168K, reserved 1114112K
  class space    used 10301K, committed 10560K, reserved 1048576K
}
Event: 1123.098 GC heap before
{Heap before GC invocations=35 (full 1):
 garbage-first heap   total 150528K, used 122966K [0x0000000081e00000, 0x0000000100000000)
  region size 1024K, 48 young (49152K), 6 survivors (6144K)
 Metaspace       used 70668K, committed 71296K, reserved 1114112K
  class space    used 10308K, committed 10624K, reserved 1048576K
}
Event: 1123.111 GC heap after
{Heap after GC invocations=36 (full 1):
 garbage-first heap   total 150528K, used 83285K [0x0000000081e00000, 0x0000000100000000)
  region size 1024K, 4 young (4096K), 4 survivors (4096K)
 Metaspace       used 70668K, committed 71296K, reserved 1114112K
  class space    used 10308K, committed 10624K, reserved 1048576K
}
Event: 1123.968 GC heap before
{Heap before GC invocations=37 (full 1):
 garbage-first heap   total 160768K, used 123221K [0x0000000081e00000, 0x0000000100000000)
  region size 1024K, 43 young (44032K), 4 survivors (4096K)
 Metaspace       used 70675K, committed 71296K, reserved 1114112K
  class space    used 10311K, committed 10624K, reserved 1048576K
}
Event: 1123.980 GC heap after
{Heap after GC invocations=38 (full 1):
 garbage-first heap   total 160768K, used 85788K [0x0000000081e00000, 0x0000000100000000)
  region size 1024K, 3 young (3072K), 3 survivors (3072K)
 Metaspace       used 70675K, committed 71296K, reserved 1114112K
  class space    used 10311K, committed 10624K, reserved 1048576K
}
Event: 1143.724 GC heap before
{Heap before GC invocations=38 (full 1):
 garbage-first heap   total 160768K, used 120604K [0x0000000081e00000, 0x0000000100000000)
  region size 1024K, 38 young (38912K), 3 survivors (3072K)
 Metaspace       used 70822K, committed 71424K, reserved 1114112K
  class space    used 10334K, committed 10624K, reserved 1048576K
}

